Cloning the remote Git repository
Cloning with configured refspecs honoured and without tags
Cloning repository https://github.com/DDTLK/IOABiEE.git
 > git init /home/jenkins/workspace/IOABiEE_master-PK5TJ7PHEN6PYNC7PEQKMTKDANXQYR4BOUTT53QHJ3FC37P3523A # timeout=10
Fetching upstream changes from https://github.com/DDTLK/IOABiEE.git
 > git --version # timeout=10
using GIT_ASKPASS to set credentials GitHub Access Token
 > git fetch --no-tags --progress https://github.com/DDTLK/IOABiEE.git +refs/heads/master:refs/remotes/origin/master
 > git config remote.origin.url https://github.com/DDTLK/IOABiEE.git # timeout=10
 > git config --add remote.origin.fetch +refs/heads/master:refs/remotes/origin/master # timeout=10
 > git config remote.origin.url https://github.com/DDTLK/IOABiEE.git # timeout=10
Cleaning workspace
 > git rev-parse --verify HEAD # timeout=10
No valid HEAD. Skipping the resetting
 > git clean -fdx # timeout=10
Fetching without tags
Fetching upstream changes from https://github.com/DDTLK/IOABiEE.git
using GIT_ASKPASS to set credentials GitHub Access Token
 > git fetch --no-tags --progress https://github.com/DDTLK/IOABiEE.git +refs/heads/master:refs/remotes/origin/master
Checking out Revision d32d60aee3e8dad5f400cf8c2a41501b0d66ec51 (master)
 > git config core.sparsecheckout # timeout=10
 > git checkout -f d32d60aee3e8dad5f400cf8c2a41501b0d66ec51
Commit message: "Added Jenkinsfile"
 > git rev-list --no-walk 24a1e2feab2df45f80190ce4dfcbd99eedf5570d # timeout=10
Cleaning workspace
 > git rev-parse --verify HEAD # timeout=10
Resetting working tree
 > git reset --hard # timeout=10
 > git clean -fdx # timeout=10
