 > git rev-parse --is-inside-work-tree # timeout=10
Fetching changes from the remote Git repository
 > git config remote.origin.url https://github.com/DDTLK/IOABiEE.git # timeout=10
Cleaning workspace
 > git rev-parse --verify HEAD # timeout=10
Resetting working tree
 > git reset --hard # timeout=10
 > git clean -fdx # timeout=10
Fetching without tags
Fetching upstream changes from https://github.com/DDTLK/IOABiEE.git
 > git --version # timeout=10
using GIT_ASKPASS to set credentials GitHub Access Token
 > git fetch --no-tags --progress https://github.com/DDTLK/IOABiEE.git +refs/heads/master:refs/remotes/origin/master
Checking out Revision 0536b84016cdc253ab89558174a6b575ab0e187a (master)
 > git config core.sparsecheckout # timeout=10
 > git checkout -f 0536b84016cdc253ab89558174a6b575ab0e187a
Commit message: "Added Jenkinsfile"
 > git rev-list --no-walk ea2029fb410cdeee8b6844d8123be5f02f654d3a # timeout=10
Cleaning workspace
 > git rev-parse --verify HEAD # timeout=10
Resetting working tree
 > git reset --hard # timeout=10
 > git clean -fdx # timeout=10
