Started
[Thu Feb 15 11:43:40 UTC 2018] Starting branch indexing...
[8mha:////4OW0nSKFWkmU1m/GImDfAbEkh78Wsux714B6RWsiGUwAAAAAhB+LCAAAAAAAAP9b85aBtbiIwSa/KF0vKzUvOzOvODlTryCnNB3I0kvPLMkoTYpPKkrMS86IL84vLUpO1XPPLPEoTXLOzyvOz0n1yy9JZYAARiYGRi8GzpLM3NTiksTcgooiBqmM0pTi/Dy9ZIhiPayaGCoKgHTiTLfv0wGzU7AEjgAAAA==[0mConnecting to https://api.github.com using jenkins/****** (GitHub Access Token)
[8mha:////4EZa0KOf7CPDEsgYs2MgACgazuO+JGyXXw5TYoH7MXv2AAAAhB+LCAAAAAAAAP9b85aBtbiIwSa/KF0vKzUvOzOvODlTryCnNB3I0kvPLMkoTYpPKkrMS86IL84vLUpO1XPPLPEoTXLOzyvOz0n1yy9JZYAARiYGRi8GzpLM3NTiksTcgooiBqmM0pTi/Dy9ZIhiPayaGCoKgHTiTLefOwHyc+VGjgAAAA==[0mConnecting to https://api.github.com using jenkins/****** (GitHub Access Token)
Examining [8mha:////4GQWwFhgqSVZUyLoN+W5OjDZgDzbGsD1dCEetXzLWFyHAAAAoB+LCAAAAAAAAP9b85aBtbiIQSajNKU4P08vOT+vOD8nVc+jsiC1KCczL9svvyTVzHb1RttJBUeZGJg8GdhyUvPSSzJ8GJhLi3JKGIR8shLLEvVzEvPS9YNLijLz0q0rihik0IxzhtAgwxgggJGJgaGiAMjgLWFQyCgpKSi20tdPzyzJKE0C6srVd3EJ8fHW9/R3dPJ0dQUA0Spj3qUAAAA=[0mDDTLK/IOABIEE

  Checking branches...

  Getting remote branches...

    Checking branch [8mha:////4N5cjvqOfK+kTbqRzNz2BZoHMpxQOMVE82LYf0MjhE+yAAAArB+LCAAAAAAAAP9b85aBtbiIQSajNKU4P08vOT+vOD8nVc+jsiC1KCczL9svvyTVzHb1RttJBUeZGJg8GdhyUvPSSzJ8GJhLi3JKGIR8shLLEvVzEvPS9YNLijLz0q0rihik0IxzhtAgwxgggJGJgaGiAMhgK2HQySgpKSi20tdPzyzJKE0C6srVd3EJ8fHW9/R3dPJ0ddUvKUpN1c9NLC5JLQIAn/PITLEAAAA=[0mmaster
      ‘Jenkinsfile’ found
    Met criteria
Takeover for [8mha:////4CkCayEhCsI5f+PpjOB+cbAM7+BP+bIo8ZJSCKZ6YDggAAAAoR+LCAAAAAAAAP9b85aBtbiIQTGjNKU4P08vOT+vOD8nVc83PyU1x6OyILUoJzMv2y+/JJUBAhiZGBgqihhk0NSjKDWzXb3RdlLBUSYGJk8GtpzUvPSSDB8G5tKinBIGIZ+sxLJE/ZzEvHT94JKizLx0a6BxUmjGOUNodHsLgAyBEgYJ/az8JH1Pf0cnT1dXMDs3sbgktUgfAK8csDjNAAAA[0mIOABIEE » master by source #1 from source that no longer exists
Branch reopened: master (573c3b159df363296fdd51e9c13b67fc57b6f01b)
Scheduled build for branch: master

  1 branches were processed

  Checking pull-requests...

  Getting remote pull requests...

  0 pull requests were processed

Finished examining DDTLK/IOABIEE

[Thu Feb 15 11:43:41 UTC 2018] Finished branch indexing. Indexing took 1.6 sec
Finished: SUCCESS
