Warning: JENKINS-41339 probably bogus PATH=$PATH:/opt/AGL/xds/cli/:/opt/AGL/xds/agent/:/opt/AGL/xds/agent/gdb/:/usr/bin/:/usr/local/bin; perhaps you meant to use ‘PATH+EXTRA=/something/bin’?
[hvac] Running shell script
++ cat env_ID.txt
+ ID=f58248bc-05d1-11e8-ab28-0242ac110002
++ cat env_SDK_ID.txt
+ SDK_ID=080dd6ab
+ xds-cli exec --id=f58248bc-05d1-11e8-ab28-0242ac110002 --sdkid=080dd6ab -- qmake
+ xds-cli exec --id=f58248bc-05d1-11e8-ab28-0242ac110002 --sdkid=080dd6ab -- make
cd app/ && ( test -e Makefile || /xdt/sdk/poky-agl/5.0.0/corei7-64/sysroots/x86_64-aglsdk-linux/usr/bin/qt5/qmake -o Makefile /home/jenkins/xds-workspace/hvac/app/app.pro ) && make -f Makefile 
make[1]: Entering directory '/home/jenkins/xds-workspace/hvac/app'
x86_64-agl-linux-g++  -march=corei7 -mtune=corei7 -mfpmath=sse -msse4.2 --sysroot=/xdt/sdk/poky-agl/5.0.0/corei7-64/sysroots/corei7-64-agl-linux -Wl,-O1 --sysroot=/xdt/sdk/poky-agl/5.0.0/corei7-64/sysroots/corei7-64-agl-linux -Wl,-O1 -o ../package/root/bin/hvac main.o translator.o qrc_hvac.o qrc_images.o moc_translator.o   -lhomescreen -L/xdt/sdk/poky-agl/5.0.0/corei7-64/sysroots/corei7-64-agl-linux -lqtWindowmanagerWrapper -lwindowmanager -ljson-c -lQt5Quick -lQt5Gui -lQt5Qml -lQt5Network -lQt5Core -lGLESv2 -lpthread 
make[1]: Leaving directory '/home/jenkins/xds-workspace/hvac/app'
cd binding/ && ( test -e Makefile || /xdt/sdk/poky-agl/5.0.0/corei7-64/sysroots/x86_64-aglsdk-linux/usr/bin/qt5/qmake -o Makefile /home/jenkins/xds-workspace/hvac/binding/binding.pro ) && make -f Makefile 
make[1]: Entering directory '/home/jenkins/xds-workspace/hvac/binding'
make[1]: Nothing to be done for 'first'.
make[1]: Leaving directory '/home/jenkins/xds-workspace/hvac/binding'
cd package/ && ( test -e Makefile || /xdt/sdk/poky-agl/5.0.0/corei7-64/sysroots/x86_64-aglsdk-linux/usr/bin/qt5/qmake -o Makefile /home/jenkins/xds-workspace/hvac/package/package.pro ) && make -f Makefile 
make[1]: Entering directory '/home/jenkins/xds-workspace/hvac/package'
Makefile:607: warning: overriding recipe for target 'package'
Makefile:231: warning: ignoring old recipe for target 'package'
wgtpkg-pack -f -o hvac.wgt root
<5> NOTICE: -- PACKING widget hvac.wgt from directory root [/w/workspace/release-jjb-eel-snapshot/MACHINE/qemux86-64/label/agl-test-slave/repoclone/output/tmp/work/x86_64-nativesdk-aglsdk-linux/nativesdk-af-main/eel+gitAUTOINC+35c33f24d3-r0/git/src/wgtpkg-pack.c:151]
make[1]: Leaving directory '/home/jenkins/xds-workspace/hvac/package'
+ cp /home/jenkins/xds-workspace/hvac/package/hvac.wgt .
