Warning: JENKINS-41339 probably bogus PATH=$PATH:/opt/AGL/xds/cli/:/opt/AGL/xds/agent/:/opt/AGL/xds/agent/gdb/:/usr/bin/:/usr/local/bin; perhaps you meant to use ‘PATH+EXTRA=/something/bin’?
[IOABIEE_master-3ZR2BW3VW35JPZTWGMVW37N7UT7U2AQ3C2B4OENYIE3VAI7W57HQ] Running shell script
++ cut '-d ' -f1
++ xds-cli sdks ls
+ SDKS_LIST='List
ID	
944d2d5a
5199b394
e54e6333
64ad88a1'
++ echo List ID 944d2d5a 5199b394 e54e6333 64ad88a1
++ cut -d ' ' -f3
+ SDK_ID_1=944d2d5a
++ echo List ID 944d2d5a 5199b394 e54e6333 64ad88a1
++ cut -d ' ' -f4
+ SDK_ID_2=5199b394
++ echo List ID 944d2d5a 5199b394 e54e6333 64ad88a1
++ cut -d ' ' -f5
+ SDK_ID_3=e54e6333
++ echo List ID 944d2d5a 5199b394 e54e6333 64ad88a1
++ cut -d ' ' -f6
+ SDK_ID_4=64ad88a1
++ xds-cli sdks ls
++ grep 944d2d5a
++ cut '-d ' -f5
+ SDK_ID_1_NAME=corei7-64
++ xds-cli sdks ls
++ grep 5199b394
++ cut '-d ' -f5
+ SDK_ID_2_NAME=aarch64
++ xds-cli sdks ls
++ grep e54e6333
++ cut '-d ' -f5
+ SDK_ID_3_NAME=armv7ahf-neon
++ xds-cli sdks ls
++ grep 64ad88a1
++ cut '-d ' -f5
+ SDK_ID_4_NAME=qemux86-64
+ mkdir -p /home/jenkins/xds-workspace/hvac_corei7-64/
+ mkdir -p /home/jenkins/xds-workspace/hvac_aarch64/
+ mkdir -p /home/jenkins/xds-workspace/hvac_armv7ahf-neon/
+ mkdir -p /home/jenkins/xds-workspace/hvac_qemux86-64/
+ cp -r app binding hvac.pro LICENSE package /home/jenkins/xds-workspace/hvac_corei7-64/
+ cp -r app binding hvac.pro LICENSE package /home/jenkins/xds-workspace/hvac_aarch64/
+ cp -r app binding hvac.pro LICENSE package /home/jenkins/xds-workspace/hvac_armv7ahf-neon/
+ cp -r app binding hvac.pro LICENSE package /home/jenkins/xds-workspace/hvac_qemux86-64/
++ xds-cli prj add --label=Project_hvac_corei7-64 --type=pm --path=/home/jenkins/xds-workspace/hvac_corei7-64 --server-path=/home/devel/xds-workspace/hvac_corei7-64
++ cut '-d)' -f1
++ cut '-d ' -f5
+ ID_1=c74597f1-0779-11e8-b035-0242ac110002
++ cut '-d)' -f1
++ cut '-d ' -f5
++ xds-cli prj add --label=Project_hvac_aarch64 --type=pm --path=/home/jenkins/xds-workspace/hvac_corei7-64 --server-path=/home/devel/xds-workspace/hvac_corei7-64
+ ID_2=c747eeff-0779-11e8-b035-0242ac110002
++ xds-cli prj add --label=Project_hvac_armv7ahf-neon --type=pm --path=/home/jenkins/xds-workspace/hvac_corei7-64 --server-path=/home/devel/xds-workspace/hvac_corei7-64
++ cut '-d ' -f5
++ cut '-d)' -f1
+ ID_3=c74a3e42-0779-11e8-b035-0242ac110002
++ xds-cli prj add --label=Project_hvac_qemux86-64 --type=pm --path=/home/jenkins/xds-workspace/hvac_corei7-64 --server-path=/home/devel/xds-workspace/hvac_corei7-64
++ cut '-d ' -f5
++ cut '-d)' -f1
+ ID_4=c74c47f3-0779-11e8-b035-0242ac110002
+ echo c74597f1-0779-11e8-b035-0242ac110002
+ echo c747eeff-0779-11e8-b035-0242ac110002
+ echo c74a3e42-0779-11e8-b035-0242ac110002
+ echo c74c47f3-0779-11e8-b035-0242ac110002
+ echo corei7-64
+ echo aarch64
+ echo armv7ahf-neon
+ echo qemux86-64
+ echo 944d2d5a
+ echo 5199b394
+ echo e54e6333
+ echo 64ad88a1
