 > git rev-parse --is-inside-work-tree # timeout=10
Fetching changes from the remote Git repository
 > git config remote.origin.url "${REPOSITORY}" # timeout=10
Fetching upstream changes from "${REPOSITORY}"
 > git --version # timeout=10
 > git fetch --tags --progress "${REPOSITORY}" +refs/heads/*:refs/remotes/origin/*
ERROR: Error fetching remote repo 'origin'
hudson.plugins.git.GitException: Failed to fetch from "${REPOSITORY}"
	at hudson.plugins.git.GitSCM.fetchFrom(GitSCM.java:862)
	at hudson.plugins.git.GitSCM.retrieveChanges(GitSCM.java:1129)
	at hudson.plugins.git.GitSCM.checkout(GitSCM.java:1160)
	at org.jenkinsci.plugins.workflow.steps.scm.SCMStep.checkout(SCMStep.java:113)
	at org.jenkinsci.plugins.workflow.steps.scm.SCMStep$StepExecutionImpl.run(SCMStep.java:85)
	at org.jenkinsci.plugins.workflow.steps.scm.SCMStep$StepExecutionImpl.run(SCMStep.java:75)
	at org.jenkinsci.plugins.workflow.steps.AbstractSynchronousNonBlockingStepExecution$1$1.call(AbstractSynchronousNonBlockingStepExecution.java:47)
	at hudson.security.ACL.impersonate(ACL.java:274)
	at org.jenkinsci.plugins.workflow.steps.AbstractSynchronousNonBlockingStepExecution$1.run(AbstractSynchronousNonBlockingStepExecution.java:44)
	at java.util.concurrent.Executors$RunnableAdapter.call(Executors.java:511)
	at java.util.concurrent.FutureTask.run(FutureTask.java:266)
	at java.util.concurrent.ThreadPoolExecutor.runWorker(ThreadPoolExecutor.java:1149)
	at java.util.concurrent.ThreadPoolExecutor$Worker.run(ThreadPoolExecutor.java:624)
	at java.lang.Thread.run(Thread.java:748)
Caused by: hudson.plugins.git.GitException: Command "git fetch --tags --progress "${REPOSITORY}" +refs/heads/*:refs/remotes/origin/*" returned status code 128:
stdout: 
stderr: fatal: '"${REPOSITORY}"' does not appear to be a git repository
fatal: Could not read from remote repository.

Please make sure you have the correct access rights
and the repository exists.

	at org.jenkinsci.plugins.gitclient.CliGitAPIImpl.launchCommandIn(CliGitAPIImpl.java:1990)
	at org.jenkinsci.plugins.gitclient.CliGitAPIImpl.launchCommandWithCredentials(CliGitAPIImpl.java:1709)
	at org.jenkinsci.plugins.gitclient.CliGitAPIImpl.access$300(CliGitAPIImpl.java:72)
	at org.jenkinsci.plugins.gitclient.CliGitAPIImpl$1.execute(CliGitAPIImpl.java:400)
	at org.jenkinsci.plugins.gitclient.RemoteGitImpl$CommandInvocationHandler$1.call(RemoteGitImpl.java:153)
	at org.jenkinsci.plugins.gitclient.RemoteGitImpl$CommandInvocationHandler$1.call(RemoteGitImpl.java:146)
	at hudson.remoting.UserRequest.perform(UserRequest.java:210)
	at hudson.remoting.UserRequest.perform(UserRequest.java:53)
	at hudson.remoting.Request$2.run(Request.java:358)
	at hudson.remoting.InterceptingExecutorService$1.call(InterceptingExecutorService.java:72)
	at java.util.concurrent.FutureTask.run(FutureTask.java:264)
	at java.util.concurrent.ThreadPoolExecutor.runWorker(ThreadPoolExecutor.java:1167)
	at java.util.concurrent.ThreadPoolExecutor$Worker.run(ThreadPoolExecutor.java:641)
	at java.lang.Thread.run(Thread.java:844)
	Suppressed: hudson.remoting.Channel$CallSiteStackTrace: Remote call to xds-tools
		at hudson.remoting.Channel.attachCallSiteStackTrace(Channel.java:1696)
		at hudson.remoting.UserResponse.retrieve(UserRequest.java:313)
		at hudson.remoting.Channel.call(Channel.java:909)
		at org.jenkinsci.plugins.gitclient.RemoteGitImpl$CommandInvocationHandler.execute(RemoteGitImpl.java:146)
		at sun.reflect.GeneratedMethodAccessor816.invoke(Unknown Source)
		at sun.reflect.DelegatingMethodAccessorImpl.invoke(DelegatingMethodAccessorImpl.java:43)
		at java.lang.reflect.Method.invoke(Method.java:498)
		at org.jenkinsci.plugins.gitclient.RemoteGitImpl$CommandInvocationHandler.invoke(RemoteGitImpl.java:132)
		at com.sun.proxy.$Proxy79.execute(Unknown Source)
		at hudson.plugins.git.GitSCM.fetchFrom(GitSCM.java:860)
		at hudson.plugins.git.GitSCM.retrieveChanges(GitSCM.java:1129)
		at hudson.plugins.git.GitSCM.checkout(GitSCM.java:1160)
		at org.jenkinsci.plugins.workflow.steps.scm.SCMStep.checkout(SCMStep.java:113)
		at org.jenkinsci.plugins.workflow.steps.scm.SCMStep$StepExecutionImpl.run(SCMStep.java:85)
		at org.jenkinsci.plugins.workflow.steps.scm.SCMStep$StepExecutionImpl.run(SCMStep.java:75)
		at org.jenkinsci.plugins.workflow.steps.AbstractSynchronousNonBlockingStepExecution$1$1.call(AbstractSynchronousNonBlockingStepExecution.java:47)
		at hudson.security.ACL.impersonate(ACL.java:274)
		at org.jenkinsci.plugins.workflow.steps.AbstractSynchronousNonBlockingStepExecution$1.run(AbstractSynchronousNonBlockingStepExecution.java:44)
		at java.util.concurrent.Executors$RunnableAdapter.call(Executors.java:511)
		at java.util.concurrent.FutureTask.run(FutureTask.java:266)
		at java.util.concurrent.ThreadPoolExecutor.runWorker(ThreadPoolExecutor.java:1149)
		at java.util.concurrent.ThreadPoolExecutor$Worker.run(ThreadPoolExecutor.java:624)
		at java.lang.Thread.run(Thread.java:748)
