Warning: JENKINS-41339 probably bogus PATH=$PATH:/opt/AGL/xds/cli/:/opt/AGL/xds/agent/:/opt/AGL/xds/agent/gdb/:/usr/bin/:/usr/local/bin; perhaps you meant to use ‘PATH+EXTRA=/something/bin’?
[IOABIEE_master-3ZR2BW3VW35JPZTWGMVW37N7UT7U2AQ3C2B4OENYIE3VAI7W57HQ] Running shell script
++ cat env_SDK_ID_1_NAME.txt
+ SDK_ID_1_NAME=aarch64
++ cat env_SDK_ID_2_NAME.txt
+ SDK_ID_2_NAME=armv7ahf-neon
++ cat env_SDK_ID_3_NAME.txt
+ SDK_ID_3_NAME=qemux86-64
++ cat env_SDK_ID_4_NAME.txt
+ SDK_ID_4_NAME=corei7-64
++ cut '-d)' -f1
++ cut '-d ' -f5
++ xds-cli prj add --label=Project_hvac_aarch64 --type=pm --path=/home/jenkins/xds-workspace/hvac_aarch64 --server-path=/home/devel/xds-workspace/hvac_aarch64
+ ID_1=60fdf3e0-077e-11e8-b035-0242ac110002
++ cut '-d)' -f1
++ cut '-d ' -f5
++ xds-cli prj add --label=Project_hvac_armv7ahf-neon --type=pm --path=/home/jenkins/xds-workspace/hvac_aarch64 --server-path=/home/devel/xds-workspace/hvac_armv7ahf-neon
FolderAdd error: ServerPath sanity check error (1): file not present
+ ID_2=
++ xds-cli prj add --label=Project_hvac_qemux86-64 --type=pm --path=/home/jenkins/xds-workspace/hvac_aarch64 --server-path=/home/devel/xds-workspace/hvac_qemux86-64
++ cut '-d)' -f1
++ cut '-d ' -f5
FolderAdd error: ServerPath sanity check error (1): file not present
+ ID_3=
++ xds-cli prj add --label=Project_hvac_corei7-64 --type=pm --path=/home/jenkins/xds-workspace/hvac_aarch64 --server-path=/home/devel/xds-workspace/hvac_corei7-64
++ cut '-d)' -f1
++ cut '-d ' -f5
FolderAdd error: ServerPath sanity check error (1): file not present
+ ID_4=
+ echo 60fdf3e0-077e-11e8-b035-0242ac110002
+ echo ''
+ echo ''
+ echo ''
