Cloning the remote Git repository
Cloning repository https://gerrit.automotivelinux.org/gerrit/apps/hvac
 > git init /home/jenkins/workspace/IOABiEE_master-PK5TJ7PHEN6PYNC7PEQKMTKDANXQYR4BOUTT53QHJ3FC37P3523A/~/xds_workspace # timeout=10
Fetching upstream changes from https://gerrit.automotivelinux.org/gerrit/apps/hvac
 > git --version # timeout=10
 > git fetch --tags --progress https://gerrit.automotivelinux.org/gerrit/apps/hvac +refs/heads/*:refs/remotes/origin/*
 > git config remote.origin.url https://gerrit.automotivelinux.org/gerrit/apps/hvac # timeout=10
 > git config --add remote.origin.fetch +refs/heads/*:refs/remotes/origin/* # timeout=10
 > git config remote.origin.url https://gerrit.automotivelinux.org/gerrit/apps/hvac # timeout=10
Fetching upstream changes from https://gerrit.automotivelinux.org/gerrit/apps/hvac
 > git fetch --tags --progress https://gerrit.automotivelinux.org/gerrit/apps/hvac +refs/heads/*:refs/remotes/origin/*
 > git rev-parse refs/remotes/origin/master^{commit} # timeout=10
 > git rev-parse refs/remotes/origin/origin/master^{commit} # timeout=10
Checking out Revision afee2b7f2409d0394d9254c96dd30fd4c35f73e7 (refs/remotes/origin/master)
 > git config core.sparsecheckout # timeout=10
 > git checkout -f afee2b7f2409d0394d9254c96dd30fd4c35f73e7
 > git branch -a -v --no-abbrev # timeout=10
 > git checkout -b master afee2b7f2409d0394d9254c96dd30fd4c35f73e7
Commit message: "Merge "Languages changing depending on identity logged in""
 > git rev-list --no-walk afee2b7f2409d0394d9254c96dd30fd4c35f73e7 # timeout=10
