Warning: JENKINS-41339 probably bogus PATH=$PATH:/opt/AGL/xds/cli/:/opt/AGL/xds/agent/:/opt/AGL/xds/agent/gdb/:/usr/bin/:/usr/local/bin; perhaps you meant to use ‘PATH+EXTRA=/something/bin’?
[IOABIEE_master-3ZR2BW3VW35JPZTWGMVW37N7UT7U2AQ3C2B4OENYIE3VAI7W57HQ] Running shell script
++ tail -n1
++ cut '-d ' -f1
++ xds-cli sdks ls
+ export SDK_ID_1=944d2d5a
+ SDK_ID_1=944d2d5a
++ xds-cli sdks ls
++ cut '-d ' -f5
++ grep 944d2d5a
+ SDK_ID_1_NAME=corei7-64
+ mkdir -p /home/jenkins/xds-workspace/hvac_corei7-64/
+ cp -r app binding hvac.pro LICENSE package /home/jenkins/xds-workspace/hvac_corei7-64/
++ xds-cli prj add --label=Project_hvac_corei7-64 --type=pm --path=/home/jenkins/xds-workspace/hvac_corei7-64 --server-path=/home/devel/xds-workspace/hvac_corei7-64
++ cut '-d ' -f5
++ cut '-d)' -f1
+ export ID_1=4ba3b070-0771-11e8-b035-0242ac110002
+ ID_1=4ba3b070-0771-11e8-b035-0242ac110002
+ echo 4ba3b070-0771-11e8-b035-0242ac110002
+ echo corei7-64
+ echo 944d2d5a
