Warning: JENKINS-41339 probably bogus PATH=$PATH:/opt/AGL/xds/cli/:/opt/AGL/xds/agent/:/opt/AGL/xds/agent/gdb/:/usr/bin/:/usr/local/bin; perhaps you meant to use ‘PATH+EXTRA=/something/bin’?
[IOABIEE_master-3ZR2BW3VW35JPZTWGMVW37N7UT7U2AQ3C2B4OENYIE3VAI7W57HQ] Running shell script
++ cat env_ID_2.txt
+ ID_2=011df6de-0796-11e8-b035-0242ac110002
++ cat env_SDK_ID_2.txt
+ SDK_ID_2=9489339c
++ cat env_SDK_ID_2_NAME.txt
+ SDK_ID_2_NAME=armv7ahf-neon
+ xds-cli exec --id=011df6de-0796-11e8-b035-0242ac110002 --sdkid=9489339c -- qmake
Info: creating stash file /home/jenkins/xds-workspace/hvac_armv7ahf-neon/.qmake.stash
+ xds-cli exec --id=011df6de-0796-11e8-b035-0242ac110002 --sdkid=9489339c -- make
cd app/ && ( test -e Makefile || /xdt/sdk/poky-agl/5.90.0+snapshot/armv7ahf-neon/sysroots/x86_64-aglsdk-linux/usr/bin/qt5/qmake -o Makefile /home/jenkins/xds-workspace/hvac_armv7ahf-neon/app/app.pro ) && make -f Makefile 
Info: creating cache file /home/jenkins/xds-workspace/hvac_armv7ahf-neon/app/.qmake.cache
Checking for libhomescreen... yes
Checking for qlibwindowmanager... yes
Project MESSAGE: PKG_CONFIG_LIBDIR automatically set to /xdt/sdk/poky-agl/5.90.0+snapshot/armv7ahf-neon/sysroots/armv7ahf-neon-agl-linux-gnueabi/usr/lib/pkgconfig:/xdt/sdk/poky-agl/5.90.0+snapshot/armv7ahf-neon/sysroots/armv7ahf-neon-agl-linux-gnueabi/usr/share/pkgconfig
make[1]: Entering directory '/home/jenkins/xds-workspace/hvac_armv7ahf-neon/app'
/xdt/sdk/poky-agl/5.90.0+snapshot/armv7ahf-neon/sysroots/x86_64-aglsdk-linux/usr/bin/qt5/lrelease translations/hvac_ja_JP.ts -qm ../package/root/translations/hvac_ja_JP.qm
Updating '../package/root/translations/hvac_ja_JP.qm'...
    Generated 8 translation(s) (8 finished and 0 unfinished)
/xdt/sdk/poky-agl/5.90.0+snapshot/armv7ahf-neon/sysroots/x86_64-aglsdk-linux/usr/bin/qt5/lrelease translations/hvac_fr_FR.ts -qm ../package/root/translations/hvac_fr_FR.qm
Updating '../package/root/translations/hvac_fr_FR.qm'...
    Generated 8 translation(s) (8 finished and 0 unfinished)
arm-agl-linux-gnueabi-g++  -march=armv7-a -marm -mfpu=neon  -mfloat-abi=hard --sysroot=/xdt/sdk/poky-agl/5.90.0+snapshot/armv7ahf-neon/sysroots/armv7ahf-neon-agl-linux-gnueabi -c -pipe --sysroot=/xdt/sdk/poky-agl/5.90.0+snapshot/armv7ahf-neon/sysroots/armv7ahf-neon-agl-linux-gnueabi -O2 -Wall -W -D_REENTRANT -fPIC -DHAVE_LIBHOMESCREEN -DHAVE_QLIBWINDOWMANAGER -DQT_NO_DEBUG -DQT_QUICK_LIB -DQT_GUI_LIB -DQT_QML_LIB -DQT_NO_QML_DEBUGGER -DQT_NETWORK_LIB -DQT_CORE_LIB -I. -isystem /xdt/sdk/poky-agl/5.90.0+snapshot/armv7ahf-neon/sysroots/armv7ahf-neon-agl-linux-gnueabi/usr/include/json-c -I/xdt/sdk/poky-agl/5.90.0+snapshot/armv7ahf-neon/sysroots/armv7ahf-neon-agl-linux-gnueabi -isystem /xdt/sdk/poky-agl/5.90.0+snapshot/armv7ahf-neon/sysroots/armv7ahf-neon-agl-linux-gnueabi/usr/include/qt5 -isystem /xdt/sdk/poky-agl/5.90.0+snapshot/armv7ahf-neon/sysroots/armv7ahf-neon-agl-linux-gnueabi/usr/include/qt5/QtQuick -isystem /xdt/sdk/poky-agl/5.90.0+snapshot/armv7ahf-neon/sysroots/armv7ahf-neon-agl-linux-gnueabi/usr/include/qt5/QtGui -isystem /xdt/sdk/poky-agl/5.90.0+snapshot/armv7ahf-neon/sysroots/armv7ahf-neon-agl-linux-gnueabi/usr/include/qt5/QtQml -isystem /xdt/sdk/poky-agl/5.90.0+snapshot/armv7ahf-neon/sysroots/armv7ahf-neon-agl-linux-gnueabi/usr/include/qt5/QtNetwork -isystem /xdt/sdk/poky-agl/5.90.0+snapshot/armv7ahf-neon/sysroots/armv7ahf-neon-agl-linux-gnueabi/usr/include/qt5/QtCore -I. -I/xdt/sdk/poky-agl/5.90.0+snapshot/armv7ahf-neon/sysroots/armv7ahf-neon-agl-linux-gnueabi/usr/lib/qt5/mkspecs/linux-oe-g++ -o main.o main.cpp
main.cpp: In lambda function:
main.cpp:83:90: warning: unused parameter ‘object’ [-Wunused-parameter]
     qwm->set_event_handler(QLibWindowmanager::Event_SyncDraw, [qwm, myname](json_object *object) {
                                                                                          ^~~~~~
main.cpp: In function ‘int main(int, char**)’:
main.cpp:94:34: warning: ‘port’ may be used uninitialized in this function [-Wmaybe-uninitialized]
     hs->init(port, token.c_str());
                                  ^
arm-agl-linux-gnueabi-g++  -march=armv7-a -marm -mfpu=neon  -mfloat-abi=hard --sysroot=/xdt/sdk/poky-agl/5.90.0+snapshot/armv7ahf-neon/sysroots/armv7ahf-neon-agl-linux-gnueabi -c -pipe --sysroot=/xdt/sdk/poky-agl/5.90.0+snapshot/armv7ahf-neon/sysroots/armv7ahf-neon-agl-linux-gnueabi -O2 -Wall -W -D_REENTRANT -fPIC -DHAVE_LIBHOMESCREEN -DHAVE_QLIBWINDOWMANAGER -DQT_NO_DEBUG -DQT_QUICK_LIB -DQT_GUI_LIB -DQT_QML_LIB -DQT_NO_QML_DEBUGGER -DQT_NETWORK_LIB -DQT_CORE_LIB -I. -isystem /xdt/sdk/poky-agl/5.90.0+snapshot/armv7ahf-neon/sysroots/armv7ahf-neon-agl-linux-gnueabi/usr/include/json-c -I/xdt/sdk/poky-agl/5.90.0+snapshot/armv7ahf-neon/sysroots/armv7ahf-neon-agl-linux-gnueabi -isystem /xdt/sdk/poky-agl/5.90.0+snapshot/armv7ahf-neon/sysroots/armv7ahf-neon-agl-linux-gnueabi/usr/include/qt5 -isystem /xdt/sdk/poky-agl/5.90.0+snapshot/armv7ahf-neon/sysroots/armv7ahf-neon-agl-linux-gnueabi/usr/include/qt5/QtQuick -isystem /xdt/sdk/poky-agl/5.90.0+snapshot/armv7ahf-neon/sysroots/armv7ahf-neon-agl-linux-gnueabi/usr/include/qt5/QtGui -isystem /xdt/sdk/poky-agl/5.90.0+snapshot/armv7ahf-neon/sysroots/armv7ahf-neon-agl-linux-gnueabi/usr/include/qt5/QtQml -isystem /xdt/sdk/poky-agl/5.90.0+snapshot/armv7ahf-neon/sysroots/armv7ahf-neon-agl-linux-gnueabi/usr/include/qt5/QtNetwork -isystem /xdt/sdk/poky-agl/5.90.0+snapshot/armv7ahf-neon/sysroots/armv7ahf-neon-agl-linux-gnueabi/usr/include/qt5/QtCore -I. -I/xdt/sdk/poky-agl/5.90.0+snapshot/armv7ahf-neon/sysroots/armv7ahf-neon-agl-linux-gnueabi/usr/lib/qt5/mkspecs/linux-oe-g++ -o translator.o translator.cpp
/xdt/sdk/poky-agl/5.90.0+snapshot/armv7ahf-neon/sysroots/x86_64-aglsdk-linux/usr/bin/qt5/rcc -name hvac hvac.qrc -o qrc_hvac.cpp
arm-agl-linux-gnueabi-g++  -march=armv7-a -marm -mfpu=neon  -mfloat-abi=hard --sysroot=/xdt/sdk/poky-agl/5.90.0+snapshot/armv7ahf-neon/sysroots/armv7ahf-neon-agl-linux-gnueabi -c -pipe --sysroot=/xdt/sdk/poky-agl/5.90.0+snapshot/armv7ahf-neon/sysroots/armv7ahf-neon-agl-linux-gnueabi -O2 -Wall -W -D_REENTRANT -fPIC -DHAVE_LIBHOMESCREEN -DHAVE_QLIBWINDOWMANAGER -DQT_NO_DEBUG -DQT_QUICK_LIB -DQT_GUI_LIB -DQT_QML_LIB -DQT_NO_QML_DEBUGGER -DQT_NETWORK_LIB -DQT_CORE_LIB -I. -isystem /xdt/sdk/poky-agl/5.90.0+snapshot/armv7ahf-neon/sysroots/armv7ahf-neon-agl-linux-gnueabi/usr/include/json-c -I/xdt/sdk/poky-agl/5.90.0+snapshot/armv7ahf-neon/sysroots/armv7ahf-neon-agl-linux-gnueabi -isystem /xdt/sdk/poky-agl/5.90.0+snapshot/armv7ahf-neon/sysroots/armv7ahf-neon-agl-linux-gnueabi/usr/include/qt5 -isystem /xdt/sdk/poky-agl/5.90.0+snapshot/armv7ahf-neon/sysroots/armv7ahf-neon-agl-linux-gnueabi/usr/include/qt5/QtQuick -isystem /xdt/sdk/poky-agl/5.90.0+snapshot/armv7ahf-neon/sysroots/armv7ahf-neon-agl-linux-gnueabi/usr/include/qt5/QtGui -isystem /xdt/sdk/poky-agl/5.90.0+snapshot/armv7ahf-neon/sysroots/armv7ahf-neon-agl-linux-gnueabi/usr/include/qt5/QtQml -isystem /xdt/sdk/poky-agl/5.90.0+snapshot/armv7ahf-neon/sysroots/armv7ahf-neon-agl-linux-gnueabi/usr/include/qt5/QtNetwork -isystem /xdt/sdk/poky-agl/5.90.0+snapshot/armv7ahf-neon/sysroots/armv7ahf-neon-agl-linux-gnueabi/usr/include/qt5/QtCore -I. -I/xdt/sdk/poky-agl/5.90.0+snapshot/armv7ahf-neon/sysroots/armv7ahf-neon-agl-linux-gnueabi/usr/lib/qt5/mkspecs/linux-oe-g++ -o qrc_hvac.o qrc_hvac.cpp
/xdt/sdk/poky-agl/5.90.0+snapshot/armv7ahf-neon/sysroots/x86_64-aglsdk-linux/usr/bin/qt5/rcc -name images images/images.qrc -o qrc_images.cpp
arm-agl-linux-gnueabi-g++  -march=armv7-a -marm -mfpu=neon  -mfloat-abi=hard --sysroot=/xdt/sdk/poky-agl/5.90.0+snapshot/armv7ahf-neon/sysroots/armv7ahf-neon-agl-linux-gnueabi -c -pipe --sysroot=/xdt/sdk/poky-agl/5.90.0+snapshot/armv7ahf-neon/sysroots/armv7ahf-neon-agl-linux-gnueabi -O2 -Wall -W -D_REENTRANT -fPIC -DHAVE_LIBHOMESCREEN -DHAVE_QLIBWINDOWMANAGER -DQT_NO_DEBUG -DQT_QUICK_LIB -DQT_GUI_LIB -DQT_QML_LIB -DQT_NO_QML_DEBUGGER -DQT_NETWORK_LIB -DQT_CORE_LIB -I. -isystem /xdt/sdk/poky-agl/5.90.0+snapshot/armv7ahf-neon/sysroots/armv7ahf-neon-agl-linux-gnueabi/usr/include/json-c -I/xdt/sdk/poky-agl/5.90.0+snapshot/armv7ahf-neon/sysroots/armv7ahf-neon-agl-linux-gnueabi -isystem /xdt/sdk/poky-agl/5.90.0+snapshot/armv7ahf-neon/sysroots/armv7ahf-neon-agl-linux-gnueabi/usr/include/qt5 -isystem /xdt/sdk/poky-agl/5.90.0+snapshot/armv7ahf-neon/sysroots/armv7ahf-neon-agl-linux-gnueabi/usr/include/qt5/QtQuick -isystem /xdt/sdk/poky-agl/5.90.0+snapshot/armv7ahf-neon/sysroots/armv7ahf-neon-agl-linux-gnueabi/usr/include/qt5/QtGui -isystem /xdt/sdk/poky-agl/5.90.0+snapshot/armv7ahf-neon/sysroots/armv7ahf-neon-agl-linux-gnueabi/usr/include/qt5/QtQml -isystem /xdt/sdk/poky-agl/5.90.0+snapshot/armv7ahf-neon/sysroots/armv7ahf-neon-agl-linux-gnueabi/usr/include/qt5/QtNetwork -isystem /xdt/sdk/poky-agl/5.90.0+snapshot/armv7ahf-neon/sysroots/armv7ahf-neon-agl-linux-gnueabi/usr/include/qt5/QtCore -I. -I/xdt/sdk/poky-agl/5.90.0+snapshot/armv7ahf-neon/sysroots/armv7ahf-neon-agl-linux-gnueabi/usr/lib/qt5/mkspecs/linux-oe-g++ -o qrc_images.o qrc_images.cpp
arm-agl-linux-gnueabi-g++  -march=armv7-a -marm -mfpu=neon  -mfloat-abi=hard --sysroot=/xdt/sdk/poky-agl/5.90.0+snapshot/armv7ahf-neon/sysroots/armv7ahf-neon-agl-linux-gnueabi -pipe --sysroot=/xdt/sdk/poky-agl/5.90.0+snapshot/armv7ahf-neon/sysroots/armv7ahf-neon-agl-linux-gnueabi -O2 -Wall -W -dM -E -o moc_predefs.h /xdt/sdk/poky-agl/5.90.0+snapshot/armv7ahf-neon/sysroots/armv7ahf-neon-agl-linux-gnueabi/usr/lib/qt5/mkspecs/features/data/dummy.cpp
/xdt/sdk/poky-agl/5.90.0+snapshot/armv7ahf-neon/sysroots/x86_64-aglsdk-linux/usr/bin/qt5/moc -DHAVE_LIBHOMESCREEN -DHAVE_QLIBWINDOWMANAGER -DQT_NO_DEBUG -DQT_QUICK_LIB -DQT_GUI_LIB -DQT_QML_LIB -DQT_NO_QML_DEBUGGER -DQT_NETWORK_LIB -DQT_CORE_LIB --include ./moc_predefs.h -I/xdt/sdk/poky-agl/5.90.0+snapshot/armv7ahf-neon/sysroots/armv7ahf-neon-agl-linux-gnueabi/usr/lib/qt5/mkspecs/linux-oe-g++ -I/home/jenkins/xds-workspace/hvac_armv7ahf-neon/app -I/xdt/sdk/poky-agl/5.90.0+snapshot/armv7ahf-neon/sysroots/armv7ahf-neon-agl-linux-gnueabi/usr/include/json-c -I/xdt/sdk/poky-agl/5.90.0+snapshot/armv7ahf-neon/sysroots/armv7ahf-neon-agl-linux-gnueabi -I/xdt/sdk/poky-agl/5.90.0+snapshot/armv7ahf-neon/sysroots/armv7ahf-neon-agl-linux-gnueabi/usr/include/qt5 -I/xdt/sdk/poky-agl/5.90.0+snapshot/armv7ahf-neon/sysroots/armv7ahf-neon-agl-linux-gnueabi/usr/include/qt5/QtQuick -I/xdt/sdk/poky-agl/5.90.0+snapshot/armv7ahf-neon/sysroots/armv7ahf-neon-agl-linux-gnueabi/usr/include/qt5/QtGui -I/xdt/sdk/poky-agl/5.90.0+snapshot/armv7ahf-neon/sysroots/armv7ahf-neon-agl-linux-gnueabi/usr/include/qt5/QtQml -I/xdt/sdk/poky-agl/5.90.0+snapshot/armv7ahf-neon/sysroots/armv7ahf-neon-agl-linux-gnueabi/usr/include/qt5/QtNetwork -I/xdt/sdk/poky-agl/5.90.0+snapshot/armv7ahf-neon/sysroots/armv7ahf-neon-agl-linux-gnueabi/usr/include/qt5/QtCore -I/xdt/sdk/poky-agl/5.90.0+snapshot/armv7ahf-neon/sysroots/armv7ahf-neon-agl-linux-gnueabi/usr/include/c++/6.3.0 -I/xdt/sdk/poky-agl/5.90.0+snapshot/armv7ahf-neon/sysroots/armv7ahf-neon-agl-linux-gnueabi/usr/include/c++/6.3.0/arm-agl-linux-gnueabi -I/xdt/sdk/poky-agl/5.90.0+snapshot/armv7ahf-neon/sysroots/armv7ahf-neon-agl-linux-gnueabi/usr/include/c++/6.3.0/backward -I/xdt/sdk/poky-agl/5.90.0+snapshot/armv7ahf-neon/sysroots/x86_64-aglsdk-linux/usr/lib/arm-agl-linux-gnueabi/gcc/arm-agl-linux-gnueabi/6.3.0/include -I/xdt/sdk/poky-agl/5.90.0+snapshot/armv7ahf-neon/sysroots/armv7ahf-neon-agl-linux-gnueabi/usr/lib/gcc/arm-agl-linux-gnueabi/6.3.0/include -I/xdt/sdk/poky-agl/5.90.0+snapshot/armv7ahf-neon/sysroots/x86_64-aglsdk-linux/usr/lib/arm-agl-linux-gnueabi/gcc/arm-agl-linux-gnueabi/6.3.0/include-fixed -I/xdt/sdk/poky-agl/5.90.0+snapshot/armv7ahf-neon/sysroots/armv7ahf-neon-agl-linux-gnueabi/usr/include translator.h -o moc_translator.cpp
arm-agl-linux-gnueabi-g++  -march=armv7-a -marm -mfpu=neon  -mfloat-abi=hard --sysroot=/xdt/sdk/poky-agl/5.90.0+snapshot/armv7ahf-neon/sysroots/armv7ahf-neon-agl-linux-gnueabi -c -pipe --sysroot=/xdt/sdk/poky-agl/5.90.0+snapshot/armv7ahf-neon/sysroots/armv7ahf-neon-agl-linux-gnueabi -O2 -Wall -W -D_REENTRANT -fPIC -DHAVE_LIBHOMESCREEN -DHAVE_QLIBWINDOWMANAGER -DQT_NO_DEBUG -DQT_QUICK_LIB -DQT_GUI_LIB -DQT_QML_LIB -DQT_NO_QML_DEBUGGER -DQT_NETWORK_LIB -DQT_CORE_LIB -I. -isystem /xdt/sdk/poky-agl/5.90.0+snapshot/armv7ahf-neon/sysroots/armv7ahf-neon-agl-linux-gnueabi/usr/include/json-c -I/xdt/sdk/poky-agl/5.90.0+snapshot/armv7ahf-neon/sysroots/armv7ahf-neon-agl-linux-gnueabi -isystem /xdt/sdk/poky-agl/5.90.0+snapshot/armv7ahf-neon/sysroots/armv7ahf-neon-agl-linux-gnueabi/usr/include/qt5 -isystem /xdt/sdk/poky-agl/5.90.0+snapshot/armv7ahf-neon/sysroots/armv7ahf-neon-agl-linux-gnueabi/usr/include/qt5/QtQuick -isystem /xdt/sdk/poky-agl/5.90.0+snapshot/armv7ahf-neon/sysroots/armv7ahf-neon-agl-linux-gnueabi/usr/include/qt5/QtGui -isystem /xdt/sdk/poky-agl/5.90.0+snapshot/armv7ahf-neon/sysroots/armv7ahf-neon-agl-linux-gnueabi/usr/include/qt5/QtQml -isystem /xdt/sdk/poky-agl/5.90.0+snapshot/armv7ahf-neon/sysroots/armv7ahf-neon-agl-linux-gnueabi/usr/include/qt5/QtNetwork -isystem /xdt/sdk/poky-agl/5.90.0+snapshot/armv7ahf-neon/sysroots/armv7ahf-neon-agl-linux-gnueabi/usr/include/qt5/QtCore -I. -I/xdt/sdk/poky-agl/5.90.0+snapshot/armv7ahf-neon/sysroots/armv7ahf-neon-agl-linux-gnueabi/usr/lib/qt5/mkspecs/linux-oe-g++ -o moc_translator.o moc_translator.cpp
arm-agl-linux-gnueabi-g++  -march=armv7-a -marm -mfpu=neon  -mfloat-abi=hard --sysroot=/xdt/sdk/poky-agl/5.90.0+snapshot/armv7ahf-neon/sysroots/armv7ahf-neon-agl-linux-gnueabi -Wl,-O1 --sysroot=/xdt/sdk/poky-agl/5.90.0+snapshot/armv7ahf-neon/sysroots/armv7ahf-neon-agl-linux-gnueabi -Wl,-O1 -o ../package/root/bin/hvac main.o translator.o qrc_hvac.o qrc_images.o moc_translator.o   -lhomescreen -L/xdt/sdk/poky-agl/5.90.0+snapshot/armv7ahf-neon/sysroots/armv7ahf-neon-agl-linux-gnueabi -lqtWindowmanagerWrapper -lwindowmanager -ljson-c -lQt5Quick -lQt5Gui -lQt5Qml -lQt5Network -lQt5Core -lGLESv2 -lpthread 
make[1]: Leaving directory '/home/jenkins/xds-workspace/hvac_armv7ahf-neon/app'
cd binding/ && ( test -e Makefile || /xdt/sdk/poky-agl/5.90.0+snapshot/armv7ahf-neon/sysroots/x86_64-aglsdk-linux/usr/bin/qt5/qmake -o Makefile /home/jenkins/xds-workspace/hvac_armv7ahf-neon/binding/binding.pro ) && make -f Makefile 
Project MESSAGE: PKG_CONFIG_LIBDIR automatically set to /xdt/sdk/poky-agl/5.90.0+snapshot/armv7ahf-neon/sysroots/armv7ahf-neon-agl-linux-gnueabi/usr/lib/pkgconfig:/xdt/sdk/poky-agl/5.90.0+snapshot/armv7ahf-neon/sysroots/armv7ahf-neon-agl-linux-gnueabi/usr/share/pkgconfig
make[1]: Entering directory '/home/jenkins/xds-workspace/hvac_armv7ahf-neon/binding'
arm-agl-linux-gnueabi-gcc  -march=armv7-a -marm -mfpu=neon  -mfloat-abi=hard --sysroot=/xdt/sdk/poky-agl/5.90.0+snapshot/armv7ahf-neon/sysroots/armv7ahf-neon-agl-linux-gnueabi -c -pipe  -O2 -pipe --sysroot=/xdt/sdk/poky-agl/5.90.0+snapshot/armv7ahf-neon/sysroots/armv7ahf-neon-agl-linux-gnueabi -Wextra -Wconversion -Wno-unused-parameter -Werror=maybe-uninitialized -Werror=implicit-function-declaration -ffunction-sections -fdata-sections -Wl,--as-needed -Wl,--gc-sections -O2 -Wall -W -fPIC  -I. -isystem /xdt/sdk/poky-agl/5.90.0+snapshot/armv7ahf-neon/sysroots/armv7ahf-neon-agl-linux-gnueabi/usr/include/json-c -I/xdt/sdk/poky-agl/5.90.0+snapshot/armv7ahf-neon/sysroots/armv7ahf-neon-agl-linux-gnueabi/usr/lib/qt5/mkspecs/linux-oe-g++ -o hvac-demo-binding.o hvac-demo-binding.c
hvac-demo-binding.c: In function ‘onEvent’:
hvac-demo-binding.c:426:15: warning: unused variable ‘args’ [-Wunused-variable]
  json_object *args, *language = json_object_new_object();
               ^~~~
At top level:
hvac-demo-binding.c:43:44: warning: ‘interface’ defined but not used [-Wunused-variable]
 static const struct afb_binding_interface *interface;
                                            ^~~~~~~~~
rm -f libhvac-demo-binding.so
arm-agl-linux-gnueabi-g++  -march=armv7-a -marm -mfpu=neon  -mfloat-abi=hard --sysroot=/xdt/sdk/poky-agl/5.90.0+snapshot/armv7ahf-neon/sysroots/armv7ahf-neon-agl-linux-gnueabi -Wl,-O1 --sysroot=/xdt/sdk/poky-agl/5.90.0+snapshot/armv7ahf-neon/sysroots/armv7ahf-neon-agl-linux-gnueabi -Wl,-O1 -shared -o libhvac-demo-binding.so hvac-demo-binding.o  -Wl,--version-script=/home/jenkins/xds-workspace/hvac_armv7ahf-neon/binding/export.map -ljson-c  
mv -f libhvac-demo-binding.so ../package/root/lib/ 
make[1]: Leaving directory '/home/jenkins/xds-workspace/hvac_armv7ahf-neon/binding'
cd package/ && ( test -e Makefile || /xdt/sdk/poky-agl/5.90.0+snapshot/armv7ahf-neon/sysroots/x86_64-aglsdk-linux/usr/bin/qt5/qmake -o Makefile /home/jenkins/xds-workspace/hvac_armv7ahf-neon/package/package.pro ) && make -f Makefile 
make[1]: Entering directory '/home/jenkins/xds-workspace/hvac_armv7ahf-neon/package'
Makefile:607: warning: overriding recipe for target 'package'
Makefile:231: warning: ignoring old recipe for target 'package'
cp -f "/home/jenkins/xds-workspace/hvac_armv7ahf-neon/package/icon.svg" "/home/jenkins/xds-workspace/hvac_armv7ahf-neon/package/root/icon.svg"
cp -f "/home/jenkins/xds-workspace/hvac_armv7ahf-neon/package/config.xml" "/home/jenkins/xds-workspace/hvac_armv7ahf-neon/package/root/config.xml"
wgtpkg-pack -f -o hvac.wgt root
<5> NOTICE: -- PACKING widget hvac.wgt from directory root [/w/workspace/sandbox-build-machines-sstate-mirror/AGLBRANCH/master/MACHINE/cyclone5/label/agl-test-slave/sstate-build/build-cyclone5/tmp/work/x86_64-nativesdk-aglsdk-linux/nativesdk-af-main/master+gitAUTOINC+1bec325ee8-r0/git/src/wgtpkg-pack.c:151]
make[1]: Leaving directory '/home/jenkins/xds-workspace/hvac_armv7ahf-neon/package'
+ cp /home/jenkins/xds-workspace/hvac_armv7ahf-neon/package/hvac.wgt hvac_armv7ahf-neon.wgt
