Warning: JENKINS-41339 probably bogus PATH=$PATH:/opt/AGL/xds/cli/:/opt/AGL/xds/agent/:/opt/AGL/xds/agent/gdb/:/usr/bin/:/usr/local/bin; perhaps you meant to use ‘PATH+EXTRA=/something/bin’?
[IOABIEE_master-3ZR2BW3VW35JPZTWGMVW37N7UT7U2AQ3C2B4OENYIE3VAI7W57HQ] Running shell script
++ xds-cli sdks ls
++ cut '-d ' -f1
+ SDKS_LIST='List
ID	
64ad88a1
9489339c
944d2d5a'
++ echo List ID 64ad88a1 9489339c 944d2d5a
++ cut -d ' ' -f3
+ SDK_ID_1=64ad88a1
++ echo List ID 64ad88a1 9489339c 944d2d5a
++ cut -d ' ' -f4
+ SDK_ID_2=9489339c
++ echo List ID 64ad88a1 9489339c 944d2d5a
++ cut -d ' ' -f5
+ SDK_ID_3=944d2d5a
++ xds-cli sdks ls
++ cut '-d ' -f5
++ grep 64ad88a1
+ SDK_ID_1_NAME=qemux86-64
++ xds-cli sdks ls
++ cut '-d ' -f5
++ grep 9489339c
+ SDK_ID_2_NAME=armv7ahf-neon
++ xds-cli sdks ls
++ grep 944d2d5a
++ cut '-d ' -f5
+ SDK_ID_3_NAME=corei7-64
+ mkdir -p /home/jenkins/xds-workspace/hvac_qemux86-64/
+ mkdir -p /home/jenkins/xds-workspace/hvac_armv7ahf-neon/
+ mkdir -p /home/jenkins/xds-workspace/hvac_corei7-64/
+ cp -r app binding hvac.pro LICENSE package /home/jenkins/xds-workspace/hvac_qemux86-64/
+ cp -r app binding hvac.pro LICENSE package /home/jenkins/xds-workspace/hvac_armv7ahf-neon/
+ cp -r app binding hvac.pro LICENSE package /home/jenkins/xds-workspace/hvac_corei7-64/
+ echo qemux86-64
+ echo armv7ahf-neon
+ echo corei7-64
+ echo 64ad88a1
+ echo 9489339c
+ echo 944d2d5a
