Warning: JENKINS-41339 probably bogus PATH=$PATH:/opt/AGL/xds/cli/:/opt/AGL/xds/agent/:/opt/AGL/xds/agent/gdb/:/usr/bin/:/usr/local/bin; perhaps you meant to use ‘PATH+EXTRA=/something/bin’?
[IOABIEE_master-3ZR2BW3VW35JPZTWGMVW37N7UT7U2AQ3C2B4OENYIE3VAI7W57HQ] Running shell script
++ cat env_ID_1.txt
+ ID_1=b17c5545-0788-11e8-b035-0242ac110002
++ cat env_SDK_ID_1.txt
+ SDK_ID_1=944d2d5a
++ cat env_SDK_ID_1_NAME.txt
+ SDK_ID_1_NAME=corei7-64
+ xds-cli exec --id=b17c5545-0788-11e8-b035-0242ac110002 --sdkid=944d2d5a -- qmake
Info: creating stash file /home/jenkins/xds-workspace/hvac_corei7-64/.qmake.stash
+ xds-cli exec --id=b17c5545-0788-11e8-b035-0242ac110002 --sdkid=944d2d5a -- make
cd app/ && ( test -e Makefile || /xdt/sdk/poky-agl/5.90.0+snapshot/corei7-64/sysroots/x86_64-aglsdk-linux/usr/bin/qt5/qmake -o Makefile /home/jenkins/xds-workspace/hvac_corei7-64/app/app.pro ) && make -f Makefile 
Info: creating cache file /home/jenkins/xds-workspace/hvac_corei7-64/app/.qmake.cache
Checking for libhomescreen... yes
Checking for qlibwindowmanager... yes
Project MESSAGE: PKG_CONFIG_LIBDIR automatically set to /xdt/sdk/poky-agl/5.90.0+snapshot/corei7-64/sysroots/corei7-64-agl-linux/usr/lib/pkgconfig:/xdt/sdk/poky-agl/5.90.0+snapshot/corei7-64/sysroots/corei7-64-agl-linux/usr/share/pkgconfig
make[1]: Entering directory '/home/jenkins/xds-workspace/hvac_corei7-64/app'
/xdt/sdk/poky-agl/5.90.0+snapshot/corei7-64/sysroots/x86_64-aglsdk-linux/usr/bin/qt5/lrelease translations/hvac_ja_JP.ts -qm ../package/root/translations/hvac_ja_JP.qm
Updating '../package/root/translations/hvac_ja_JP.qm'...
    Generated 8 translation(s) (8 finished and 0 unfinished)
/xdt/sdk/poky-agl/5.90.0+snapshot/corei7-64/sysroots/x86_64-aglsdk-linux/usr/bin/qt5/lrelease translations/hvac_fr_FR.ts -qm ../package/root/translations/hvac_fr_FR.qm
Updating '../package/root/translations/hvac_fr_FR.qm'...
    Generated 8 translation(s) (8 finished and 0 unfinished)
x86_64-agl-linux-g++  -march=corei7 -mtune=corei7 -mfpmath=sse -msse4.2 --sysroot=/xdt/sdk/poky-agl/5.90.0+snapshot/corei7-64/sysroots/corei7-64-agl-linux -c -pipe --sysroot=/xdt/sdk/poky-agl/5.90.0+snapshot/corei7-64/sysroots/corei7-64-agl-linux -O2 -Wall -W -D_REENTRANT -fPIC -DHAVE_LIBHOMESCREEN -DHAVE_QLIBWINDOWMANAGER -DQT_NO_DEBUG -DQT_QUICK_LIB -DQT_GUI_LIB -DQT_QML_LIB -DQT_NO_QML_DEBUGGER -DQT_NETWORK_LIB -DQT_CORE_LIB -I. -isystem /xdt/sdk/poky-agl/5.90.0+snapshot/corei7-64/sysroots/corei7-64-agl-linux/usr/include/json-c -I/xdt/sdk/poky-agl/5.90.0+snapshot/corei7-64/sysroots/corei7-64-agl-linux -isystem /xdt/sdk/poky-agl/5.90.0+snapshot/corei7-64/sysroots/corei7-64-agl-linux/usr/include/qt5 -isystem /xdt/sdk/poky-agl/5.90.0+snapshot/corei7-64/sysroots/corei7-64-agl-linux/usr/include/qt5/QtQuick -isystem /xdt/sdk/poky-agl/5.90.0+snapshot/corei7-64/sysroots/corei7-64-agl-linux/usr/include/qt5/QtGui -isystem /xdt/sdk/poky-agl/5.90.0+snapshot/corei7-64/sysroots/corei7-64-agl-linux/usr/include/qt5/QtQml -isystem /xdt/sdk/poky-agl/5.90.0+snapshot/corei7-64/sysroots/corei7-64-agl-linux/usr/include/qt5/QtNetwork -isystem /xdt/sdk/poky-agl/5.90.0+snapshot/corei7-64/sysroots/corei7-64-agl-linux/usr/include/qt5/QtCore -I. -I/xdt/sdk/poky-agl/5.90.0+snapshot/corei7-64/sysroots/corei7-64-agl-linux/usr/lib/qt5/mkspecs/linux-oe-g++ -o main.o main.cpp
main.cpp: In lambda function:
main.cpp:83:90: warning: unused parameter ‘object’ [-Wunused-parameter]
     qwm->set_event_handler(QLibWindowmanager::Event_SyncDraw, [qwm, myname](json_object *object) {
                                                                                          ^~~~~~
main.cpp: In function ‘int main(int, char**)’:
main.cpp:94:34: warning: ‘port’ may be used uninitialized in this function [-Wmaybe-uninitialized]
     hs->init(port, token.c_str());
                                  ^
x86_64-agl-linux-g++  -march=corei7 -mtune=corei7 -mfpmath=sse -msse4.2 --sysroot=/xdt/sdk/poky-agl/5.90.0+snapshot/corei7-64/sysroots/corei7-64-agl-linux -c -pipe --sysroot=/xdt/sdk/poky-agl/5.90.0+snapshot/corei7-64/sysroots/corei7-64-agl-linux -O2 -Wall -W -D_REENTRANT -fPIC -DHAVE_LIBHOMESCREEN -DHAVE_QLIBWINDOWMANAGER -DQT_NO_DEBUG -DQT_QUICK_LIB -DQT_GUI_LIB -DQT_QML_LIB -DQT_NO_QML_DEBUGGER -DQT_NETWORK_LIB -DQT_CORE_LIB -I. -isystem /xdt/sdk/poky-agl/5.90.0+snapshot/corei7-64/sysroots/corei7-64-agl-linux/usr/include/json-c -I/xdt/sdk/poky-agl/5.90.0+snapshot/corei7-64/sysroots/corei7-64-agl-linux -isystem /xdt/sdk/poky-agl/5.90.0+snapshot/corei7-64/sysroots/corei7-64-agl-linux/usr/include/qt5 -isystem /xdt/sdk/poky-agl/5.90.0+snapshot/corei7-64/sysroots/corei7-64-agl-linux/usr/include/qt5/QtQuick -isystem /xdt/sdk/poky-agl/5.90.0+snapshot/corei7-64/sysroots/corei7-64-agl-linux/usr/include/qt5/QtGui -isystem /xdt/sdk/poky-agl/5.90.0+snapshot/corei7-64/sysroots/corei7-64-agl-linux/usr/include/qt5/QtQml -isystem /xdt/sdk/poky-agl/5.90.0+snapshot/corei7-64/sysroots/corei7-64-agl-linux/usr/include/qt5/QtNetwork -isystem /xdt/sdk/poky-agl/5.90.0+snapshot/corei7-64/sysroots/corei7-64-agl-linux/usr/include/qt5/QtCore -I. -I/xdt/sdk/poky-agl/5.90.0+snapshot/corei7-64/sysroots/corei7-64-agl-linux/usr/lib/qt5/mkspecs/linux-oe-g++ -o translator.o translator.cpp
/xdt/sdk/poky-agl/5.90.0+snapshot/corei7-64/sysroots/x86_64-aglsdk-linux/usr/bin/qt5/rcc -name hvac hvac.qrc -o qrc_hvac.cpp
x86_64-agl-linux-g++  -march=corei7 -mtune=corei7 -mfpmath=sse -msse4.2 --sysroot=/xdt/sdk/poky-agl/5.90.0+snapshot/corei7-64/sysroots/corei7-64-agl-linux -c -pipe --sysroot=/xdt/sdk/poky-agl/5.90.0+snapshot/corei7-64/sysroots/corei7-64-agl-linux -O2 -Wall -W -D_REENTRANT -fPIC -DHAVE_LIBHOMESCREEN -DHAVE_QLIBWINDOWMANAGER -DQT_NO_DEBUG -DQT_QUICK_LIB -DQT_GUI_LIB -DQT_QML_LIB -DQT_NO_QML_DEBUGGER -DQT_NETWORK_LIB -DQT_CORE_LIB -I. -isystem /xdt/sdk/poky-agl/5.90.0+snapshot/corei7-64/sysroots/corei7-64-agl-linux/usr/include/json-c -I/xdt/sdk/poky-agl/5.90.0+snapshot/corei7-64/sysroots/corei7-64-agl-linux -isystem /xdt/sdk/poky-agl/5.90.0+snapshot/corei7-64/sysroots/corei7-64-agl-linux/usr/include/qt5 -isystem /xdt/sdk/poky-agl/5.90.0+snapshot/corei7-64/sysroots/corei7-64-agl-linux/usr/include/qt5/QtQuick -isystem /xdt/sdk/poky-agl/5.90.0+snapshot/corei7-64/sysroots/corei7-64-agl-linux/usr/include/qt5/QtGui -isystem /xdt/sdk/poky-agl/5.90.0+snapshot/corei7-64/sysroots/corei7-64-agl-linux/usr/include/qt5/QtQml -isystem /xdt/sdk/poky-agl/5.90.0+snapshot/corei7-64/sysroots/corei7-64-agl-linux/usr/include/qt5/QtNetwork -isystem /xdt/sdk/poky-agl/5.90.0+snapshot/corei7-64/sysroots/corei7-64-agl-linux/usr/include/qt5/QtCore -I. -I/xdt/sdk/poky-agl/5.90.0+snapshot/corei7-64/sysroots/corei7-64-agl-linux/usr/lib/qt5/mkspecs/linux-oe-g++ -o qrc_hvac.o qrc_hvac.cpp
/xdt/sdk/poky-agl/5.90.0+snapshot/corei7-64/sysroots/x86_64-aglsdk-linux/usr/bin/qt5/rcc -name images images/images.qrc -o qrc_images.cpp
x86_64-agl-linux-g++  -march=corei7 -mtune=corei7 -mfpmath=sse -msse4.2 --sysroot=/xdt/sdk/poky-agl/5.90.0+snapshot/corei7-64/sysroots/corei7-64-agl-linux -c -pipe --sysroot=/xdt/sdk/poky-agl/5.90.0+snapshot/corei7-64/sysroots/corei7-64-agl-linux -O2 -Wall -W -D_REENTRANT -fPIC -DHAVE_LIBHOMESCREEN -DHAVE_QLIBWINDOWMANAGER -DQT_NO_DEBUG -DQT_QUICK_LIB -DQT_GUI_LIB -DQT_QML_LIB -DQT_NO_QML_DEBUGGER -DQT_NETWORK_LIB -DQT_CORE_LIB -I. -isystem /xdt/sdk/poky-agl/5.90.0+snapshot/corei7-64/sysroots/corei7-64-agl-linux/usr/include/json-c -I/xdt/sdk/poky-agl/5.90.0+snapshot/corei7-64/sysroots/corei7-64-agl-linux -isystem /xdt/sdk/poky-agl/5.90.0+snapshot/corei7-64/sysroots/corei7-64-agl-linux/usr/include/qt5 -isystem /xdt/sdk/poky-agl/5.90.0+snapshot/corei7-64/sysroots/corei7-64-agl-linux/usr/include/qt5/QtQuick -isystem /xdt/sdk/poky-agl/5.90.0+snapshot/corei7-64/sysroots/corei7-64-agl-linux/usr/include/qt5/QtGui -isystem /xdt/sdk/poky-agl/5.90.0+snapshot/corei7-64/sysroots/corei7-64-agl-linux/usr/include/qt5/QtQml -isystem /xdt/sdk/poky-agl/5.90.0+snapshot/corei7-64/sysroots/corei7-64-agl-linux/usr/include/qt5/QtNetwork -isystem /xdt/sdk/poky-agl/5.90.0+snapshot/corei7-64/sysroots/corei7-64-agl-linux/usr/include/qt5/QtCore -I. -I/xdt/sdk/poky-agl/5.90.0+snapshot/corei7-64/sysroots/corei7-64-agl-linux/usr/lib/qt5/mkspecs/linux-oe-g++ -o qrc_images.o qrc_images.cpp
x86_64-agl-linux-g++  -march=corei7 -mtune=corei7 -mfpmath=sse -msse4.2 --sysroot=/xdt/sdk/poky-agl/5.90.0+snapshot/corei7-64/sysroots/corei7-64-agl-linux -pipe --sysroot=/xdt/sdk/poky-agl/5.90.0+snapshot/corei7-64/sysroots/corei7-64-agl-linux -O2 -Wall -W -dM -E -o moc_predefs.h /xdt/sdk/poky-agl/5.90.0+snapshot/corei7-64/sysroots/corei7-64-agl-linux/usr/lib/qt5/mkspecs/features/data/dummy.cpp
/xdt/sdk/poky-agl/5.90.0+snapshot/corei7-64/sysroots/x86_64-aglsdk-linux/usr/bin/qt5/moc -DHAVE_LIBHOMESCREEN -DHAVE_QLIBWINDOWMANAGER -DQT_NO_DEBUG -DQT_QUICK_LIB -DQT_GUI_LIB -DQT_QML_LIB -DQT_NO_QML_DEBUGGER -DQT_NETWORK_LIB -DQT_CORE_LIB --include ./moc_predefs.h -I/xdt/sdk/poky-agl/5.90.0+snapshot/corei7-64/sysroots/corei7-64-agl-linux/usr/lib/qt5/mkspecs/linux-oe-g++ -I/home/jenkins/xds-workspace/hvac_corei7-64/app -I/xdt/sdk/poky-agl/5.90.0+snapshot/corei7-64/sysroots/corei7-64-agl-linux/usr/include/json-c -I/xdt/sdk/poky-agl/5.90.0+snapshot/corei7-64/sysroots/corei7-64-agl-linux -I/xdt/sdk/poky-agl/5.90.0+snapshot/corei7-64/sysroots/corei7-64-agl-linux/usr/include/qt5 -I/xdt/sdk/poky-agl/5.90.0+snapshot/corei7-64/sysroots/corei7-64-agl-linux/usr/include/qt5/QtQuick -I/xdt/sdk/poky-agl/5.90.0+snapshot/corei7-64/sysroots/corei7-64-agl-linux/usr/include/qt5/QtGui -I/xdt/sdk/poky-agl/5.90.0+snapshot/corei7-64/sysroots/corei7-64-agl-linux/usr/include/qt5/QtQml -I/xdt/sdk/poky-agl/5.90.0+snapshot/corei7-64/sysroots/corei7-64-agl-linux/usr/include/qt5/QtNetwork -I/xdt/sdk/poky-agl/5.90.0+snapshot/corei7-64/sysroots/corei7-64-agl-linux/usr/include/qt5/QtCore -I/xdt/sdk/poky-agl/5.90.0+snapshot/corei7-64/sysroots/corei7-64-agl-linux/usr/include/c++/6.3.0 -I/xdt/sdk/poky-agl/5.90.0+snapshot/corei7-64/sysroots/corei7-64-agl-linux/usr/include/c++/6.3.0/x86_64-agl-linux -I/xdt/sdk/poky-agl/5.90.0+snapshot/corei7-64/sysroots/corei7-64-agl-linux/usr/include/c++/6.3.0/backward -I/xdt/sdk/poky-agl/5.90.0+snapshot/corei7-64/sysroots/x86_64-aglsdk-linux/usr/lib/x86_64-agl-linux/gcc/x86_64-agl-linux/6.3.0/include -I/xdt/sdk/poky-agl/5.90.0+snapshot/corei7-64/sysroots/corei7-64-agl-linux/usr/lib/gcc/x86_64-agl-linux/6.3.0/include -I/xdt/sdk/poky-agl/5.90.0+snapshot/corei7-64/sysroots/x86_64-aglsdk-linux/usr/lib/x86_64-agl-linux/gcc/x86_64-agl-linux/6.3.0/include-fixed -I/xdt/sdk/poky-agl/5.90.0+snapshot/corei7-64/sysroots/corei7-64-agl-linux/usr/include translator.h -o moc_translator.cpp
x86_64-agl-linux-g++  -march=corei7 -mtune=corei7 -mfpmath=sse -msse4.2 --sysroot=/xdt/sdk/poky-agl/5.90.0+snapshot/corei7-64/sysroots/corei7-64-agl-linux -c -pipe --sysroot=/xdt/sdk/poky-agl/5.90.0+snapshot/corei7-64/sysroots/corei7-64-agl-linux -O2 -Wall -W -D_REENTRANT -fPIC -DHAVE_LIBHOMESCREEN -DHAVE_QLIBWINDOWMANAGER -DQT_NO_DEBUG -DQT_QUICK_LIB -DQT_GUI_LIB -DQT_QML_LIB -DQT_NO_QML_DEBUGGER -DQT_NETWORK_LIB -DQT_CORE_LIB -I. -isystem /xdt/sdk/poky-agl/5.90.0+snapshot/corei7-64/sysroots/corei7-64-agl-linux/usr/include/json-c -I/xdt/sdk/poky-agl/5.90.0+snapshot/corei7-64/sysroots/corei7-64-agl-linux -isystem /xdt/sdk/poky-agl/5.90.0+snapshot/corei7-64/sysroots/corei7-64-agl-linux/usr/include/qt5 -isystem /xdt/sdk/poky-agl/5.90.0+snapshot/corei7-64/sysroots/corei7-64-agl-linux/usr/include/qt5/QtQuick -isystem /xdt/sdk/poky-agl/5.90.0+snapshot/corei7-64/sysroots/corei7-64-agl-linux/usr/include/qt5/QtGui -isystem /xdt/sdk/poky-agl/5.90.0+snapshot/corei7-64/sysroots/corei7-64-agl-linux/usr/include/qt5/QtQml -isystem /xdt/sdk/poky-agl/5.90.0+snapshot/corei7-64/sysroots/corei7-64-agl-linux/usr/include/qt5/QtNetwork -isystem /xdt/sdk/poky-agl/5.90.0+snapshot/corei7-64/sysroots/corei7-64-agl-linux/usr/include/qt5/QtCore -I. -I/xdt/sdk/poky-agl/5.90.0+snapshot/corei7-64/sysroots/corei7-64-agl-linux/usr/lib/qt5/mkspecs/linux-oe-g++ -o moc_translator.o moc_translator.cpp
x86_64-agl-linux-g++  -march=corei7 -mtune=corei7 -mfpmath=sse -msse4.2 --sysroot=/xdt/sdk/poky-agl/5.90.0+snapshot/corei7-64/sysroots/corei7-64-agl-linux -Wl,-O1 --sysroot=/xdt/sdk/poky-agl/5.90.0+snapshot/corei7-64/sysroots/corei7-64-agl-linux -Wl,-O1 -o ../package/root/bin/hvac main.o translator.o qrc_hvac.o qrc_images.o moc_translator.o   -lhomescreen -L/xdt/sdk/poky-agl/5.90.0+snapshot/corei7-64/sysroots/corei7-64-agl-linux -lqtWindowmanagerWrapper -lwindowmanager -ljson-c -lQt5Quick -lQt5Gui -lQt5Qml -lQt5Network -lQt5Core -lGLESv2 -lpthread 
make[1]: Leaving directory '/home/jenkins/xds-workspace/hvac_corei7-64/app'
cd binding/ && ( test -e Makefile || /xdt/sdk/poky-agl/5.90.0+snapshot/corei7-64/sysroots/x86_64-aglsdk-linux/usr/bin/qt5/qmake -o Makefile /home/jenkins/xds-workspace/hvac_corei7-64/binding/binding.pro ) && make -f Makefile 
Project MESSAGE: PKG_CONFIG_LIBDIR automatically set to /xdt/sdk/poky-agl/5.90.0+snapshot/corei7-64/sysroots/corei7-64-agl-linux/usr/lib/pkgconfig:/xdt/sdk/poky-agl/5.90.0+snapshot/corei7-64/sysroots/corei7-64-agl-linux/usr/share/pkgconfig
make[1]: Entering directory '/home/jenkins/xds-workspace/hvac_corei7-64/binding'
x86_64-agl-linux-gcc  -march=corei7 -mtune=corei7 -mfpmath=sse -msse4.2 --sysroot=/xdt/sdk/poky-agl/5.90.0+snapshot/corei7-64/sysroots/corei7-64-agl-linux -c -pipe  -O2 -pipe --sysroot=/xdt/sdk/poky-agl/5.90.0+snapshot/corei7-64/sysroots/corei7-64-agl-linux -Wextra -Wconversion -Wno-unused-parameter -Werror=maybe-uninitialized -Werror=implicit-function-declaration -ffunction-sections -fdata-sections -Wl,--as-needed -Wl,--gc-sections -O2 -Wall -W -fPIC  -I. -isystem /xdt/sdk/poky-agl/5.90.0+snapshot/corei7-64/sysroots/corei7-64-agl-linux/usr/include/json-c -I/xdt/sdk/poky-agl/5.90.0+snapshot/corei7-64/sysroots/corei7-64-agl-linux/usr/lib/qt5/mkspecs/linux-oe-g++ -o hvac-demo-binding.o hvac-demo-binding.c
hvac-demo-binding.c: In function ‘onEvent’:
hvac-demo-binding.c:426:15: warning: unused variable ‘args’ [-Wunused-variable]
  json_object *args, *language = json_object_new_object();
               ^~~~
At top level:
hvac-demo-binding.c:43:44: warning: ‘interface’ defined but not used [-Wunused-variable]
 static const struct afb_binding_interface *interface;
                                            ^~~~~~~~~
rm -f libhvac-demo-binding.so
x86_64-agl-linux-g++  -march=corei7 -mtune=corei7 -mfpmath=sse -msse4.2 --sysroot=/xdt/sdk/poky-agl/5.90.0+snapshot/corei7-64/sysroots/corei7-64-agl-linux -Wl,-O1 --sysroot=/xdt/sdk/poky-agl/5.90.0+snapshot/corei7-64/sysroots/corei7-64-agl-linux -Wl,-O1 -shared -o libhvac-demo-binding.so hvac-demo-binding.o  -Wl,--version-script=/home/jenkins/xds-workspace/hvac_corei7-64/binding/export.map -ljson-c  
mv -f libhvac-demo-binding.so ../package/root/lib/ 
make[1]: Leaving directory '/home/jenkins/xds-workspace/hvac_corei7-64/binding'
cd package/ && ( test -e Makefile || /xdt/sdk/poky-agl/5.90.0+snapshot/corei7-64/sysroots/x86_64-aglsdk-linux/usr/bin/qt5/qmake -o Makefile /home/jenkins/xds-workspace/hvac_corei7-64/package/package.pro ) && make -f Makefile 
make[1]: Entering directory '/home/jenkins/xds-workspace/hvac_corei7-64/package'
Makefile:607: warning: overriding recipe for target 'package'
Makefile:231: warning: ignoring old recipe for target 'package'
cp -f "/home/jenkins/xds-workspace/hvac_corei7-64/package/icon.svg" "/home/jenkins/xds-workspace/hvac_corei7-64/package/root/icon.svg"
cp -f "/home/jenkins/xds-workspace/hvac_corei7-64/package/config.xml" "/home/jenkins/xds-workspace/hvac_corei7-64/package/root/config.xml"
wgtpkg-pack -f -o hvac.wgt root
<5> NOTICE: -- PACKING widget hvac.wgt from directory root [/w/workspace/sandbox-build-machines-sstate-mirror/AGLBRANCH/master/MACHINE/intel-corei7-64/label/agl-test-slave/sstate-build/build-intel-corei7-64/tmp/work/x86_64-nativesdk-aglsdk-linux/nativesdk-af-main/master+gitAUTOINC+1bec325ee8-r0/git/src/wgtpkg-pack.c:151]
make[1]: Leaving directory '/home/jenkins/xds-workspace/hvac_corei7-64/package'
+ cp /home/jenkins/xds-workspace/hvac_corei7-64/package/hvac.wgt hvac_corei7-64.wgt
