Warning: JENKINS-41339 probably bogus PATH=$PATH:/opt/AGL/xds/cli/:/opt/AGL/xds/agent/:/opt/AGL/xds/agent/gdb/:/usr/bin/:/usr/local/bin; perhaps you meant to use ‘PATH+EXTRA=/something/bin’?
[IOABIEE_master-3ZR2BW3VW35JPZTWGMVW37N7UT7U2AQ3C2B4OENYIE3VAI7W57HQ] Running shell script
++ xds-cli sdks ls
++ cut '-d ' -f1
++ tail -n1
+ export SDK_ID_1=64ad88a1
+ SDK_ID_1=64ad88a1
++ xds-cli sdks ls
++ grep 64ad88a1
++ cut '-d ' -f5
+ SDK_ID_1_NAME=qemux86-64
+ mkdir -p /home/jenkins/xds-workspace/hvac_qemux86-64/
+ cp -r app binding hvac.pro LICENSE package /home/jenkins/xds-workspace/hvac_qemux86-64/
++ xds-cli prj add --label=Project_hvac_qemux86-64 --type=pm --path=/home/jenkins/xds-workspace/hvac_qemux86-64 --server-path=/home/devel/xds-workspace/hvac_qemux86-64
++ cut '-d)' -f1
++ cut '-d ' -f5
+ export ID_1=92e1787f-0771-11e8-b035-0242ac110002
+ ID_1=92e1787f-0771-11e8-b035-0242ac110002
+ echo 92e1787f-0771-11e8-b035-0242ac110002
+ echo qemux86-64
+ echo 64ad88a1
