Cloning the remote Git repository
Cloning with configured refspecs honoured and without tags
Cloning repository https://github.com/DDTLK/IOABiEE.git
 > git init /home/jenkins/workspace/IOABiEE_master-PK5TJ7PHEN6PYNC7PEQKMTKDANXQYR4BOUTT53QHJ3FC37P3523A # timeout=10
Fetching upstream changes from https://github.com/DDTLK/IOABiEE.git
 > git --version # timeout=10
using GIT_ASKPASS to set credentials GitHub Access Token
 > git fetch --no-tags --progress https://github.com/DDTLK/IOABiEE.git +refs/heads/master:refs/remotes/origin/master
 > git config remote.origin.url https://github.com/DDTLK/IOABiEE.git # timeout=10
 > git config --add remote.origin.fetch +refs/heads/master:refs/remotes/origin/master # timeout=10
 > git config remote.origin.url https://github.com/DDTLK/IOABiEE.git # timeout=10
Cleaning workspace
 > git rev-parse --verify HEAD # timeout=10
No valid HEAD. Skipping the resetting
 > git clean -fdx # timeout=10
Fetching without tags
Fetching upstream changes from https://github.com/DDTLK/IOABiEE.git
using GIT_ASKPASS to set credentials GitHub Access Token
 > git fetch --no-tags --progress https://github.com/DDTLK/IOABiEE.git +refs/heads/master:refs/remotes/origin/master
Checking out Revision b1ccba7c196fb6e0168ff3175a246eee269dd67a (master)
 > git config core.sparsecheckout # timeout=10
 > git checkout -f b1ccba7c196fb6e0168ff3175a246eee269dd67a
Commit message: "Added Jenkinsfile"
 > git rev-list --no-walk 2f093d575970ed63feee95a78a90299224a5d011 # timeout=10
Cleaning workspace
 > git rev-parse --verify HEAD # timeout=10
Resetting working tree
 > git reset --hard # timeout=10
 > git clean -fdx # timeout=10
